<?xml version="1.0" encoding="UTF-8"?>
<testsuite xmlns:xsi="http://www.w3.org/2001/XMLSchema-instance" xsi:noNamespaceSchemaLocation="https://maven.apache.org/surefire/maven-surefire-plugin/xsd/surefire-test-report.xsd" version="3.0.2" name="com.substring.chat.chat_app_backend.ChatAppBackendApplicationTests" time="8.073" tests="1" errors="0" skipped="0" failures="0" flakes="0">
  <properties>
[...]
</properties>
  <testcase name="contextLoads" classname="com.substring.chat.chat_app_backend.ChatAppBackendApplicationTests" time="1.138">
    <system-out><![CDATA[09:08:10.549 [main] INFO org.springframework.test.context.support.AnnotationConfigContextLoaderUtils -- Could not detect default configuration classes for test class [com.substring.chat.chat_app_backend.ChatAppBackendApplicationTests]: ChatAppBackendApplicationTests does not declare any static, non-private, non-final, nested classes annotated with @Configuration.
09:08:10.715 [main] INFO org.springframework.boot.test.context.SpringBootTestContextBootstrapper -- Found @SpringBootConfiguration com.substring.chat.ChatAppBackendApplication for test class com.substring.chat.chat_app_backend.ChatAppBackendApplicationTests
09:08:11.066 [main] INFO org.springframework.boot.devtools.restart.RestartApplicationListener -- Restart disabled due to context in which it is running

  .   ____          _            __ _ _
 /\\ / ___'_ __ _ _(_)_ __  __ _ \ \ \ \
( ( )\___ | '_ | '_| | '_ \/ _` | \ \ \ \
 \\/  ___)| |_)| | | | | || (_| |  ) ) ) )
  '  |____| .__|_| |_|_| |_\__, | / / / /
 =========|_|==============|___/=/_/_/_/

 :: Spring Boot ::               (v3.5.13)

2026-05-05T09:08:12.179Z  INFO 7144 --- [chat-app-backend] [           main] c.s.c.c.ChatAppBackendApplicationTests   : Starting ChatAppBackendApplicationTests using Java 21.0.10 with PID 7144 (started by codespace in /workspaces/ChatApp/chat-app-backend)
2026-05-05T09:08:12.181Z  INFO 7144 --- [chat-app-backend] [           main] c.s.c.c.ChatAppBackendApplicationTests   : No active profile set, falling back to 1 default profile: "default"
2026-05-05T09:08:14.179Z  INFO 7144 --- [chat-app-backend] [           main] .s.d.r.c.RepositoryConfigurationDelegate : Bootstrapping Spring Data MongoDB repositories in DEFAULT mode.
2026-05-05T09:08:14.244Z  INFO 7144 --- [chat-app-backend] [           main] .s.d.r.c.RepositoryConfigurationDelegate : Finished Spring Data repository scanning in 52 ms. Found 1 MongoDB repository interface.
2026-05-05T09:08:14.874Z  INFO 7144 --- [chat-app-backend] [           main] org.mongodb.driver.client                : MongoClient with metadata {"application": {"name": "javaChat"}, "driver": {"name": "mongo-java-driver|sync|spring-boot", "version": "5.5.2"}, "os": {"type": "Linux", "name": "Linux", "architecture": "amd64", "version": "6.8.0-1044-azure"}, "platform": "Java/Microsoft/21.0.10+7-LTS", "env": {"container": {"runtime": "docker"}}} created with settings MongoClientSettings{readPreference=primary, writeConcern=WriteConcern{w=null, wTimeout=null ms, journal=null}, retryWrites=true, retryReads=true, readConcern=ReadConcern{level=null}, credential=MongoCredential{mechanism=null, userName='JavaChat', source='admin', password=<hidden>, mechanismProperties=<hidden>}, transportSettings=null, commandListeners=[io.micrometer.core.instrument.binder.mongodb.MongoMetricsCommandListener@696fad31], codecRegistry=ProvidersCodecRegistry{codecProviders=[ValueCodecProvider{}, BsonValueCodecProvider{}, DBRefCodecProvider{}, DBObjectCodecProvider{}, DocumentCodecProvider{}, CollectionCodecProvider{}, IterableCodecProvider{}, MapCodecProvider{}, GeoJsonCodecProvider{}, GridFSFileCodecProvider{}, Jsr310CodecProvider{}, JsonObjectCodecProvider{}, BsonCodecProvider{}, EnumCodecProvider{}, com.mongodb.client.model.mql.ExpressionCodecProvider@2c06b113, com.mongodb.Jep395RecordCodecProvider@7a64cb0c, com.mongodb.KotlinCodecProvider@785ed99c]}, loggerSettings=LoggerSettings{maxDocumentLength=1000}, clusterSettings={hosts=[127.0.0.1:27017], srvHost=javachat.pbqwgkc.mongodb.net, srvServiceName=mongodb, mode=MULTIPLE, requiredClusterType=REPLICA_SET, requiredReplicaSetName='atlas-mc6fmx-shard-0', serverSelector='null', clusterListeners='[]', serverSelectionTimeout='30000 ms', localThreshold='15 ms'}, socketSettings=SocketSettings{connectTimeoutMS=10000, readTimeoutMS=0, receiveBufferSize=0, proxySettings=ProxySettings{host=null, port=null, username=null, password=null}}, heartbeatSocketSettings=SocketSettings{connectTimeoutMS=10000, readTimeoutMS=10000, receiveBufferSize=0, proxySettings=ProxySettings{host=null, port=null, username=null, password=null}}, connectionPoolSettings=ConnectionPoolSettings{maxSize=100, minSize=0, maxWaitTimeMS=120000, maxConnectionLifeTimeMS=0, maxConnectionIdleTimeMS=0, maintenanceInitialDelayMS=0, maintenanceFrequencyMS=60000, connectionPoolListeners=[io.micrometer.core.instrument.binder.mongodb.MongoMetricsConnectionPoolListener@6c4ce583], maxConnecting=2}, serverSettings=ServerSettings{heartbeatFrequencyMS=10000, minHeartbeatFrequencyMS=500, serverMonitoringMode=AUTO, serverListeners='[]', serverMonitorListeners='[]'}, sslSettings=SslSettings{enabled=true, invalidHostNameAllowed=false, context=null}, applicationName='javaChat', compressorList=[], uuidRepresentation=JAVA_LEGACY, serverApi=null, autoEncryptionSettings=null, dnsClient=null, inetAddressResolver=null, contextProvider=null, timeoutMS=null}
2026-05-05T09:08:14.889Z  INFO 7144 --- [chat-app-backend] [gkc.mongodb.net] org.mongodb.driver.cluster               : Adding discovered server ac-fm0wtuz-shard-00-00.pbqwgkc.mongodb.net:27017 to client view of cluster
2026-05-05T09:08:14.931Z DEBUG 7144 --- [chat-app-backend] [gkc.mongodb.net] org.mongodb.driver.connection            : Connection pool created for ac-fm0wtuz-shard-00-00.pbqwgkc.mongodb.net:27017 using options maxIdleTimeMS=0, minPoolSize=0, maxPoolSize=100, maxConnecting=2, waitQueueTimeoutMS=120000
2026-05-05T09:08:14.968Z  INFO 7144 --- [chat-app-backend] [gkc.mongodb.net] org.mongodb.driver.cluster               : Adding discovered server ac-fm0wtuz-shard-00-01.pbqwgkc.mongodb.net:27017 to client view of cluster
2026-05-05T09:08:14.983Z DEBUG 7144 --- [chat-app-backend] [gkc.mongodb.net] org.mongodb.driver.connection            : Connection pool created for ac-fm0wtuz-shard-00-01.pbqwgkc.mongodb.net:27017 using options maxIdleTimeMS=0, minPoolSize=0, maxPoolSize=100, maxConnecting=2, waitQueueTimeoutMS=120000
2026-05-05T09:08:14.992Z  INFO 7144 --- [chat-app-backend] [gkc.mongodb.net] org.mongodb.driver.cluster               : Adding discovered server ac-fm0wtuz-shard-00-02.pbqwgkc.mongodb.net:27017 to client view of cluster
2026-05-05T09:08:15.003Z DEBUG 7144 --- [chat-app-backend] [gkc.mongodb.net] org.mongodb.driver.connection            : Connection pool created for ac-fm0wtuz-shard-00-02.pbqwgkc.mongodb.net:27017 using options maxIdleTimeMS=0, minPoolSize=0, maxPoolSize=100, maxConnecting=2, waitQueueTimeoutMS=120000
2026-05-05T09:08:15.009Z DEBUG 7144 --- [chat-app-backend] [gkc.mongodb.net] org.mongodb.driver.cluster               : Updating cluster description to  {type=REPLICA_SET, servers=[{address=ac-fm0wtuz-shard-00-00.pbqwgkc.mongodb.net:27017, type=UNKNOWN, state=CONNECTING}, {address=ac-fm0wtuz-shard-00-02.pbqwgkc.mongodb.net:27017, type=UNKNOWN, state=CONNECTING}, {address=ac-fm0wtuz-shard-00-01.pbqwgkc.mongodb.net:27017, type=UNKNOWN, state=CONNECTING}]
2026-05-05T09:08:15.903Z  INFO 7144 --- [chat-app-backend] [ngodb.net:27017] org.mongodb.driver.cluster               : Monitor thread successfully connected to server with description ServerDescription{address=ac-fm0wtuz-shard-00-02.pbqwgkc.mongodb.net:27017, type=REPLICA_SET_SECONDARY, cryptd=false, state=CONNECTED, ok=true, minWireVersion=0, maxWireVersion=25, maxDocumentSize=16777216, logicalSessionTimeoutMinutes=30, roundTripTimeNanos=473674896, minRoundTripTimeNanos=0, setName='atlas-mc6fmx-shard-0', canonicalAddress=ac-fm0wtuz-shard-00-02.pbqwgkc.mongodb.net:27017, hosts=[ac-fm0wtuz-shard-00-00.pbqwgkc.mongodb.net:27017, ac-fm0wtuz-shard-00-02.pbqwgkc.mongodb.net:27017, ac-fm0wtuz-shard-00-01.pbqwgkc.mongodb.net:27017], passives=[], arbiters=[], primary='ac-fm0wtuz-shard-00-01.pbqwgkc.mongodb.net:27017', tagSet=TagSet{[Tag{name='availabilityZone', value='aps1-az2'}, Tag{name='cacheState', value='READY'}, Tag{name='diskState', value='READY'}, Tag{name='nodeType', value='ELECTABLE'}, Tag{name='provider', value='AWS'}, Tag{name='region', value='AP_SOUTH_1'}, Tag{name='workloadType', value='OPERATIONAL'}]}, electionId=null, setVersion=303, topologyVersion=TopologyVersion{processId=69f4c69058b82ac0583705d0, counter=3}, lastWriteDate=Tue May 05 09:08:15 UTC 2026, lastUpdateTimeNanos=960616109621}
2026-05-05T09:08:15.904Z DEBUG 7144 --- [chat-app-backend] [ngodb.net:27017] org.mongodb.driver.connection            : Connection pool ready for ac-fm0wtuz-shard-00-02.pbqwgkc.mongodb.net:27017
2026-05-05T09:08:15.902Z  INFO 7144 --- [chat-app-backend] [ngodb.net:27017] org.mongodb.driver.cluster               : Monitor thread successfully connected to server with description ServerDescription{address=ac-fm0wtuz-shard-00-01.pbqwgkc.mongodb.net:27017, type=REPLICA_SET_PRIMARY, cryptd=false, state=CONNECTED, ok=true, minWireVersion=0, maxWireVersion=25, maxDocumentSize=16777216, logicalSessionTimeoutMinutes=30, roundTripTimeNanos=472668205, minRoundTripTimeNanos=0, setName='atlas-mc6fmx-shard-0', canonicalAddress=ac-fm0wtuz-shard-00-01.pbqwgkc.mongodb.net:27017, hosts=[ac-fm0wtuz-shard-00-00.pbqwgkc.mongodb.net:27017, ac-fm0wtuz-shard-00-02.pbqwgkc.mongodb.net:27017, ac-fm0wtuz-shard-00-01.pbqwgkc.mongodb.net:27017], passives=[], arbiters=[], primary='ac-fm0wtuz-shard-00-01.pbqwgkc.mongodb.net:27017', tagSet=TagSet{[Tag{name='availabilityZone', value='aps1-az3'}, Tag{name='cacheState', value='READY'}, Tag{name='diskState', value='READY'}, Tag{name='nodeType', value='ELECTABLE'}, Tag{name='provider', value='AWS'}, Tag{name='region', value='AP_SOUTH_1'}, Tag{name='workloadType', value='OPERATIONAL'}]}, electionId=7fffffff0000000000000139, setVersion=303, topologyVersion=TopologyVersion{processId=69f4c481cb42594e328bb9b1, counter=6}, lastWriteDate=Tue May 05 09:08:15 UTC 2026, lastUpdateTimeNanos=960614757016}
2026-05-05T09:08:15.907Z  INFO 7144 --- [chat-app-backend] [ngodb.net:27017] org.mongodb.driver.cluster               : Monitor thread successfully connected to server with description ServerDescription{address=ac-fm0wtuz-shard-00-00.pbqwgkc.mongodb.net:27017, type=REPLICA_SET_SECONDARY, cryptd=false, state=CONNECTED, ok=true, minWireVersion=0, maxWireVersion=25, maxDocumentSize=16777216, logicalSessionTimeoutMinutes=30, roundTripTimeNanos=473144553, minRoundTripTimeNanos=0, setName='atlas-mc6fmx-shard-0', canonicalAddress=ac-fm0wtuz-shard-00-00.pbqwgkc.mongodb.net:27017, hosts=[ac-fm0wtuz-shard-00-00.pbqwgkc.mongodb.net:27017, ac-fm0wtuz-shard-00-02.pbqwgkc.mongodb.net:27017, ac-fm0wtuz-shard-00-01.pbqwgkc.mongodb.net:27017], passives=[], arbiters=[], primary='ac-fm0wtuz-shard-00-01.pbqwgkc.mongodb.net:27017', tagSet=TagSet{[Tag{name='availabilityZone', value='aps1-az1'}, Tag{name='cacheState', value='READY'}, Tag{name='diskState', value='READY'}, Tag{name='nodeType', value='ELECTABLE'}, Tag{name='provider', value='AWS'}, Tag{name='region', value='AP_SOUTH_1'}, Tag{name='workloadType', value='OPERATIONAL'}]}, electionId=null, setVersion=303, topologyVersion=TopologyVersion{processId=69f4c21d2bacf4a9ba6fc757, counter=4}, lastWriteDate=Tue May 05 09:08:15 UTC 2026, lastUpdateTimeNanos=960616191554}
2026-05-05T09:08:15.916Z DEBUG 7144 --- [chat-app-backend] [ngodb.net:27017] org.mongodb.driver.cluster               : Updating cluster description to  {type=REPLICA_SET, servers=[{address=ac-fm0wtuz-shard-00-00.pbqwgkc.mongodb.net:27017, type=UNKNOWN, state=CONNECTING}, {address=ac-fm0wtuz-shard-00-02.pbqwgkc.mongodb.net:27017, type=REPLICA_SET_SECONDARY, TagSet{[Tag{name='availabilityZone', value='aps1-az2'}, Tag{name='cacheState', value='READY'}, Tag{name='diskState', value='READY'}, Tag{name='nodeType', value='ELECTABLE'}, Tag{name='provider', value='AWS'}, Tag{name='region', value='AP_SOUTH_1'}, Tag{name='workloadType', value='OPERATIONAL'}]}, roundTripTime=473.7 ms, state=CONNECTED}, {address=ac-fm0wtuz-shard-00-01.pbqwgkc.mongodb.net:27017, type=UNKNOWN, state=CONNECTING}]
2026-05-05T09:08:15.916Z DEBUG 7144 --- [chat-app-backend] [ngodb.net:27017] org.mongodb.driver.cluster               : Checking status of ac-fm0wtuz-shard-00-02.pbqwgkc.mongodb.net:27017
2026-05-05T09:08:15.919Z DEBUG 7144 --- [chat-app-backend] [ngodb.net:27017] org.mongodb.driver.connection            : Connection pool ready for ac-fm0wtuz-shard-00-01.pbqwgkc.mongodb.net:27017
2026-05-05T09:08:15.922Z  INFO 7144 --- [chat-app-backend] [ngodb.net:27017] org.mongodb.driver.cluster               : Discovered replica set primary ac-fm0wtuz-shard-00-01.pbqwgkc.mongodb.net:27017 with max election id 7fffffff0000000000000139 and max set version 303
2026-05-05T09:08:15.923Z DEBUG 7144 --- [chat-app-backend] [ngodb.net:27017] org.mongodb.driver.cluster               : Updating cluster description to  {type=REPLICA_SET, servers=[{address=ac-fm0wtuz-shard-00-00.pbqwgkc.mongodb.net:27017, type=UNKNOWN, state=CONNECTING}, {address=ac-fm0wtuz-shard-00-02.pbqwgkc.mongodb.net:27017, type=REPLICA_SET_SECONDARY, TagSet{[Tag{name='availabilityZone', value='aps1-az2'}, Tag{name='cacheState', value='READY'}, Tag{name='diskState', value='READY'}, Tag{name='nodeType', value='ELECTABLE'}, Tag{name='provider', value='AWS'}, Tag{name='region', value='AP_SOUTH_1'}, Tag{name='workloadType', value='OPERATIONAL'}]}, roundTripTime=473.7 ms, state=CONNECTED}, {address=ac-fm0wtuz-shard-00-01.pbqwgkc.mongodb.net:27017, type=REPLICA_SET_PRIMARY, TagSet{[Tag{name='availabilityZone', value='aps1-az3'}, Tag{name='cacheState', value='READY'}, Tag{name='diskState', value='READY'}, Tag{name='nodeType', value='ELECTABLE'}, Tag{name='provider', value='AWS'}, Tag{name='region', value='AP_SOUTH_1'}, Tag{name='workloadType', value='OPERATIONAL'}]}, roundTripTime=472.7 ms, state=CONNECTED}]
2026-05-05T09:08:15.924Z DEBUG 7144 --- [chat-app-backend] [ngodb.net:27017] org.mongodb.driver.cluster               : Checking status of ac-fm0wtuz-shard-00-01.pbqwgkc.mongodb.net:27017
2026-05-05T09:08:15.925Z DEBUG 7144 --- [chat-app-backend] [ngodb.net:27017] org.mongodb.driver.connection            : Connection pool ready for ac-fm0wtuz-shard-00-00.pbqwgkc.mongodb.net:27017
2026-05-05T09:08:15.928Z DEBUG 7144 --- [chat-app-backend] [ngodb.net:27017] org.mongodb.driver.cluster               : Updating cluster description to  {type=REPLICA_SET, servers=[{address=ac-fm0wtuz-shard-00-00.pbqwgkc.mongodb.net:27017, type=REPLICA_SET_SECONDARY, TagSet{[Tag{name='availabilityZone', value='aps1-az1'}, Tag{name='cacheState', value='READY'}, Tag{name='diskState', value='READY'}, Tag{name='nodeType', value='ELECTABLE'}, Tag{name='provider', value='AWS'}, Tag{name='region', value='AP_SOUTH_1'}, Tag{name='workloadType', value='OPERATIONAL'}]}, roundTripTime=473.1 ms, state=CONNECTED}, {address=ac-fm0wtuz-shard-00-02.pbqwgkc.mongodb.net:27017, type=REPLICA_SET_SECONDARY, TagSet{[Tag{name='availabilityZone', value='aps1-az2'}, Tag{name='cacheState', value='READY'}, Tag{name='diskState', value='READY'}, Tag{name='nodeType', value='ELECTABLE'}, Tag{name='provider', value='AWS'}, Tag{name='region', value='AP_SOUTH_1'}, Tag{name='workloadType', value='OPERATIONAL'}]}, roundTripTime=473.7 ms, state=CONNECTED}, {address=ac-fm0wtuz-shard-00-01.pbqwgkc.mongodb.net:27017, type=REPLICA_SET_PRIMARY, TagSet{[Tag{name='availabilityZone', value='aps1-az3'}, Tag{name='cacheState', value='READY'}, Tag{name='diskState', value='READY'}, Tag{name='nodeType', value='ELECTABLE'}, Tag{name='provider', value='AWS'}, Tag{name='region', value='AP_SOUTH_1'}, Tag{name='workloadType', value='OPERATIONAL'}]}, roundTripTime=472.7 ms, state=CONNECTED}]
2026-05-05T09:08:15.928Z DEBUG 7144 --- [chat-app-backend] [ngodb.net:27017] org.mongodb.driver.cluster               : Checking status of ac-fm0wtuz-shard-00-00.pbqwgkc.mongodb.net:27017
2026-05-05T09:08:16.747Z  INFO 7144 --- [chat-app-backend] [           main] o.s.b.a.e.web.EndpointLinksResolver      : Exposing 1 endpoint beneath base path '/actuator'
2026-05-05T09:08:16.805Z  INFO 7144 --- [chat-app-backend] [           main] o.s.m.s.b.SimpleBrokerMessageHandler     : Starting...
2026-05-05T09:08:16.807Z  INFO 7144 --- [chat-app-backend] [           main] o.s.m.s.b.SimpleBrokerMessageHandler     : BrokerAvailabilityEvent[available=true, SimpleBrokerMessageHandler [org.springframework.messaging.simp.broker.DefaultSubscriptionRegistry@77e730bd]]
2026-05-05T09:08:16.808Z  INFO 7144 --- [chat-app-backend] [           main] o.s.m.s.b.SimpleBrokerMessageHandler     : Started.
2026-05-05T09:08:16.831Z  INFO 7144 --- [chat-app-backend] [           main] c.s.c.c.ChatAppBackendApplicationTests   : Started ChatAppBackendApplicationTests in 5.785 seconds (process running for 7.436)
]]></system-out>
    <system-err><![CDATA[Mockito is currently self-attaching to enable the inline-mock-maker. This will no longer work in future releases of the JDK. Please add Mockito as an agent to your build as described in Mockito's documentation: https://javadoc.io/doc/org.mockito/mockito-core/latest/org.mockito/org/mockito/Mockito.html#0.3
WARNING: A Java agent has been loaded dynamically (/home/codespace/.m2/repository/net/bytebuddy/byte-buddy-agent/1.17.8/byte-buddy-agent-1.17.8.jar)
WARNING: If a serviceability tool is in use, please run with -XX:+EnableDynamicAgentLoading to hide this warning
WARNING: If a serviceability tool is not in use, please run with -Djdk.instrument.traceUsage for more information
WARNING: Dynamic loading of agents will be disallowed by default in a future release
]]></system-err>
  </testcase>
</testsuite>